20111003011355,2,"implode(): Invalid arguments passed",/var/www/gameMonger/cron/playerDaysSend.php,"Line 18"
20111004045705,2,"mysql_fetch_row() expects parameter 1 to be resource, boolean given",/var/www/gameMonger/frontEnd/reports.currentStatusDetails.php,"Line 108"
20111004053206,2,"mysql_fetch_row() expects parameter 1 to be resource, boolean given",/var/www/gameMonger/frontEnd/reports.currentStatusDetails.php,"Line 108"
20111005052106,2,"mysql_query() expects parameter 2 to be resource, object given",/var/www/gameMonger/frontEnd/reports.gamePeriod.php,"Line 95"
20111005052554,2,"Invalid argument supplied for foreach()",/var/www/gameMonger/frontEnd/reports.gamePeriod.php,"Line 146"
20111005052614,2,"Invalid argument supplied for foreach()",/var/www/gameMonger/frontEnd/reports.gamePeriod.php,"Line 147"
20111005052622,2,"Invalid argument supplied for foreach()",/var/www/gameMonger/frontEnd/reports.gamePeriod.php,"Line 147"
20111005052651,2,"array_keys() expects parameter 1 to be array, null given",/var/www/gameMonger/frontEnd/reports.gamePeriod.php,"Line 206"
20111005052724,2,"Invalid argument supplied for foreach()",/var/www/gameMonger/frontEnd/reports.gamePeriod.php,"Line 147"
20111005053048,2,"mysql_fetch_assoc() expects parameter 1 to be resource, boolean given",/var/www/gameMonger/frontEnd/reports.playerDetails.php,"Line 49"
20111005055042,2,"array_keys() expects parameter 1 to be array, null given",/var/www/gameMonger/frontEnd/reports.gamePeriod.php,"Line 205"
20111005055255,2,"array_keys() expects parameter 1 to be array, null given",/var/www/gameMonger/frontEnd/reports.gamePeriod.php,"Line 205"
20111005055536,2,"array_keys() expects parameter 1 to be array, null given",/var/www/gameMonger/frontEnd/reports.gamePeriod.php,"Line 205"
20111005055557,2,"array_keys() expects parameter 1 to be array, null given",/var/www/gameMonger/frontEnd/reports.gamePeriod.php,"Line 205"
20111005063058,2,"mysql_fetch_assoc() expects parameter 1 to be resource, boolean given",/var/www/gameMonger/frontEnd/reports.topPlayers.php,"Line 280"
20111005063446,2,"mysql_fetch_row() expects parameter 1 to be resource, boolean given",/var/www/gameMonger/frontEnd/reports.gameReports.numPlayers.inc.php,"Line 120"
20111005063503,2,"mysql_fetch_row() expects parameter 1 to be resource, boolean given",/var/www/gameMonger/frontEnd/reports.gameReports.numSms.inc.php,"Line 107"
20111006100711,2,"Invalid argument supplied for foreach()",/var/www/gameMonger/frontEnd/reports.gamePeriod.php,"Line 146"
20111006101220,2,"Invalid argument supplied for foreach()",/var/www/gameMonger/frontEnd/reports.gamePeriod.php,"Line 146"
20111006101411,2,"Division by zero",/var/www/gameMonger/common/functions.php,"Line 1107"
20111006101538,2,"Division by zero",/var/www/gameMonger/common/functions.php,"Line 1107"
20111006101608,2,"Division by zero",/var/www/gameMonger/common/functions.php,"Line 1107"
20111006104407,2,"mysql_fetch_row() expects parameter 1 to be resource, boolean given",/var/www/gameMonger/frontEnd/reports.dayCompareBySlot.php,"Line 95"
20111006104433,2,"Invalid argument supplied for foreach()",/var/www/gameMonger/common/functions.php,"Line 1105"
20111006104638,2,"Invalid argument supplied for foreach()",/var/www/gameMonger/common/functions.php,"Line 1105"
20111006105317,2,"Invalid argument supplied for foreach()",/var/www/gameMonger/common/functions.php,"Line 1105"
20111006105526,2,"Invalid argument supplied for foreach()",/var/www/gameMonger/common/functions.php,"Line 804"
20111006113431,2,"mysql_fetch_assoc() expects parameter 1 to be resource, boolean given",/var/www/gameMonger/frontEnd/reports.playerDetails.php,"Line 49"
20111006114409,2,"mysql_fetch_assoc() expects parameter 1 to be resource, boolean given",/var/www/gameMonger/frontEnd/reports.playerDetails.php,"Line 75"
20111006114411,2,"mysql_fetch_assoc() expects parameter 1 to be resource, boolean given",/var/www/gameMonger/frontEnd/reports.playerDetails.php,"Line 75"
20111006114412,2,"mysql_fetch_assoc() expects parameter 1 to be resource, boolean given",/var/www/gameMonger/frontEnd/reports.playerDetails.php,"Line 75"
20111006114412,2,"mysql_fetch_assoc() expects parameter 1 to be resource, boolean given",/var/www/gameMonger/frontEnd/reports.playerDetails.php,"Line 75"
20111007101629,2,"array_count_values() expects parameter 1 to be array, null given",/var/www/gameMonger/frontEnd/calendarByWeek.browse.php,"Line 158"
20111101040842,2,"mysql_fetch_row() expects parameter 1 to be resource, boolean given",/var/www/gameMonger/class/gameMonger/class.groups.php,"Line 411"
20111101041537,2,"array_count_values() expects parameter 1 to be array, null given",/var/www/gameMonger/frontEnd/calendarByWeek.browse.php,"Line 158"
20111101041554,2,"array_count_values() expects parameter 1 to be array, null given",/var/www/gameMonger/frontEnd/calendarByWeek.browse.php,"Line 158"
20111101041606,2,"array_count_values() expects parameter 1 to be array, null given",/var/www/gameMonger/frontEnd/calendarByWeek.browse.php,"Line 158"
20111101042803,2,"mysql_fetch_row() expects parameter 1 to be resource, boolean given",/var/www/gameMonger/class/gameMonger/class.groups.php,"Line 411"
20111204024841,2,"require_once(class/translateMonger/class.content.php): failed to open stream: No such file or directory",/var/www/remoteStats/frontEnd/translator.php,"Line 18"
20111204025758,2,"require_once(class/translateMonger/class.content.php): failed to open stream: No such file or directory",/var/www/remoteStats/frontEnd/translator.php,"Line 18"
20111204025918,2,"mysql_fetch_array() expects parameter 1 to be resource, boolean given",/var/www/remoteStats/class/translateMonger/class.content.php,"Line 63"
20111222060028,2,"require_once(groups.edit.visualFilter.php): failed to open stream: No such file or directory",/var/www/gameMonger/frontEnd/groups.edit.php,"Line 291"
20111222063201,2,"Invalid argument supplied for foreach()",/var/www/gameMonger/frontEnd/groups.edit.visualFilter.php,"Line 63"
20120102113628,2,"require_once(groups_is.edit.visualFilter.php): failed to open stream: No such file or directory",/var/www/gameMonger/frontEnd/groups.edit.php,"Line 324"
20120102113639,2,"require_once(groups_is.edit.visualFilter.php): failed to open stream: No such file or directory",/var/www/gameMonger/frontEnd/groups.edit.php,"Line 324"
20120109044845,2,"Attempt to assign property of non-object",/var/www/gameMonger/class/gameMonger/class.groupsVisualFilter.php,"Line 102"
20120110024543,2,"Attempt to assign property of non-object",/var/www/gameMonger/frontEnd/groups.edit.php,"Line 308"
20120111123856,2,"Invalid argument supplied for foreach()",/var/www/gameMonger/class/gameMonger/class.groups.php,"Line 586"
20120111123928,2,"Invalid argument supplied for foreach()",/var/www/gameMonger/class/gameMonger/class.groups.php,"Line 586"
20120111123948,2,"Invalid argument supplied for foreach()",/var/www/gameMonger/class/gameMonger/class.groups.php,"Line 586"
20120111124114,2,"Invalid argument supplied for foreach()",/var/www/gameMonger/class/gameMonger/class.groups.php,"Line 586"
20120111124221,2,"Invalid argument supplied for foreach()",/var/www/gameMonger/class/gameMonger/class.groups.php,"Line 586"
20120111023605,2,"Invalid argument supplied for foreach()",/var/www/gameMonger/class/gameMonger/class.groups.php,"Line 586"
20120111023650,2,"Invalid argument supplied for foreach()",/var/www/gameMonger/class/gameMonger/class.groups.php,"Line 586"
20120111070028,2,"in_array() expects parameter 2 to be array, null given",/var/www/gameMonger/frontEnd/groups.edit.visualFilter.php,"Line 28"
20120111070045,2,"in_array() expects parameter 2 to be array, null given",/var/www/gameMonger/frontEnd/groups.edit.visualFilter.php,"Line 28"
20120111070053,2,"in_array() expects parameter 2 to be array, null given",/var/www/gameMonger/frontEnd/groups.edit.visualFilter.php,"Line 28"
20120111070105,2,"in_array() expects parameter 2 to be array, null given",/var/www/gameMonger/frontEnd/groups.edit.visualFilter.php,"Line 28"
20120111071504,2,"log() expects parameter 1 to be double, object given",/var/www/gameMonger/frontEnd/groups.edit.visualFilter.php,"Line 44"
20120112104122,2,"Invalid argument supplied for foreach()",/var/www/gameMonger/class/gameMonger/class.groupsVisualFilter.php,"Line 112"
20120126062357,2,"method_exists() expects exactly 2 parameters, 1 given",/var/www/gameMonger/class/gameMonger/class.groupsVisualFilter.php,"Line 103"
20120201103512,2,"Invalid argument supplied for foreach()",/var/www/gameMonger/class/gameMonger/class.groupsVisualFilter.php,"Line 137"
20120201103517,2,"Invalid argument supplied for foreach()",/var/www/gameMonger/class/gameMonger/class.groupsVisualFilter.php,"Line 137"
20120201103521,2,"Invalid argument supplied for foreach()",/var/www/gameMonger/class/gameMonger/class.groupsVisualFilter.php,"Line 137"
20120202014746,2,"Invalid argument supplied for foreach()",/var/www/gameMonger/class/gameMonger/class.groupsVisualFilter.php,"Line 139"
20120202014752,2,"Invalid argument supplied for foreach()",/var/www/gameMonger/class/gameMonger/class.groupsVisualFilter.php,"Line 139"
20120202014757,2,"Invalid argument supplied for foreach()",/var/www/gameMonger/class/gameMonger/class.groupsVisualFilter.php,"Line 139"
20120202014857,2,"Invalid argument supplied for foreach()",/var/www/gameMonger/class/gameMonger/class.groupsVisualFilter.php,"Line 139"
20120202014902,2,"Invalid argument supplied for foreach()",/var/www/gameMonger/class/gameMonger/class.groupsVisualFilter.php,"Line 139"
20120206054953,2,"Missing argument 2 for reportsFilter::load_filter(), called in /var/www/gameMonger/frontEnd/reports.gameReports.php on line 74 and defined",/var/www/gameMonger/class/gameMonger/class.reportsFilter.php,"Line 106"
20120206060902,2,"mysql_query() expects parameter 2 to be resource, object given",/var/www/gameMonger/frontEnd/reports.gameReports.php,"Line 80"
20120206061001,2,"mysql_query() expects parameter 2 to be resource, object given",/var/www/gameMonger/class/gameMonger/class.playerType.php,"Line 197"
20120206061604,2,"mysql_query() expects parameter 2 to be resource, object given",/var/www/gameMonger/class/gameMonger/class.playerType.php,"Line 197"
20120206061935,2,"mysql_query() expects parameter 2 to be resource, null given",/var/www/gameMonger/frontEnd/reports.gameReports.php,"Line 80"
20120207091258,2,"in_array() expects parameter 2 to be array, null given",/var/www/gameMonger/frontEnd/groups.edit.visualFilter.php,"Line 57"
20120207091327,2,"in_array() expects parameter 2 to be array, null given",/var/www/gameMonger/frontEnd/groups.edit.visualFilter.php,"Line 57"
20120207053347,2,"reset() expects parameter 1 to be array, boolean given",/var/www/gameMonger/class/gameMonger/class.reportsFilter.php,"Line 116"
20120209102906,2,"mysql_fetch_row() expects parameter 1 to be resource, boolean given",/var/www/gameMonger/frontEnd/reports.gameReports.numPlayers.inc.php,"Line 130"
20120213104347,2,"Missing argument 3 for {closure}(), called in /var/www/gameMonger/common/functions.php on line 1264 and defined",/var/www/gameMonger/common/functions.php,"Line 1256"
20120213112234,2,"join(): Invalid arguments passed",/var/www/gameMonger/common/functions.php,"Line 1264"
20120213112344,2,"join(): Invalid arguments passed",/var/www/gameMonger/common/functions.php,"Line 1256"
20120213072433,2,"number_format() expects parameter 1 to be double, array given",/var/www/gameMonger/common/functions.php,"Line 1257"
20120213072625,2,"number_format() expects parameter 1 to be double, string given",/var/www/gameMonger/common/functions.php,"Line 1257"
20120213073047,2,"number_format() expects parameter 1 to be double, string given",/var/www/gameMonger/common/functions.php,"Line 1257"
20120213073219,2,"number_format() expects parameter 1 to be double, string given",/var/www/gameMonger/common/functions.php,"Line 1257"
20120213073443,2,"number_format() expects parameter 1 to be double, string given",/var/www/gameMonger/common/functions.php,"Line 1257"
20120213073701,2,"number_format() expects parameter 1 to be double, string given",/var/www/gameMonger/common/functions.php,"Line 1257"
20120214092659,2,"number_format() expects parameter 1 to be double, string given",/var/www/gameMonger/common/functions.php,"Line 1257"
